[2016-03-23 12:06:55,949][INFO ][node                     ] [Animus] version[2.2.1], pid[4635], build[d045fc2/2016-03-09T09:38:54Z]
[2016-03-23 12:06:56,027][INFO ][node                     ] [Animus] initializing ...
[2016-03-23 12:06:56,828][INFO ][plugins                  ] [Animus] modules [lang-groovy, lang-expression], plugins [], sites []
[2016-03-23 12:06:56,895][INFO ][env                      ] [Animus] using [1] data paths, mounts [[/ (/dev/sda1)]], net usable_space [848.7gb], net total_space [908.9gb], spins? [possibly], types [ext4]
[2016-03-23 12:06:56,895][INFO ][env                      ] [Animus] heap size [990.7mb], compressed ordinary object pointers [true]
[2016-03-23 12:06:56,897][WARN ][env                      ] [Animus] max file descriptors [4096] for elasticsearch process likely too low, consider increasing to at least [65536]
[2016-03-23 12:07:00,109][INFO ][node                     ] [Animus] initialized
[2016-03-23 12:07:00,109][INFO ][node                     ] [Animus] starting ...
[2016-03-23 12:07:00,224][INFO ][transport                ] [Animus] publish_address {127.0.0.1:9300}, bound_addresses {127.0.0.1:9300}, {[::1]:9300}
[2016-03-23 12:07:00,242][INFO ][discovery                ] [Animus] elasticsearch/8AJMBHN6RVmg96FmsaDCRg
[2016-03-23 12:07:03,289][INFO ][cluster.service          ] [Animus] new_master {Animus}{8AJMBHN6RVmg96FmsaDCRg}{127.0.0.1}{127.0.0.1:9300}, reason: zen-disco-join(elected_as_master, [0] joins received)
[2016-03-23 12:07:03,302][INFO ][http                     ] [Animus] publish_address {127.0.0.1:9200}, bound_addresses {127.0.0.1:9200}, {[::1]:9200}
[2016-03-23 12:07:03,302][INFO ][node                     ] [Animus] started
[2016-03-23 12:07:03,567][INFO ][gateway                  ] [Animus] recovered [1] indices into cluster_state
[2016-03-23 12:07:04,024][INFO ][cluster.routing.allocation] [Animus] Cluster health status changed from [RED] to [GREEN] (reason: [shards started [[matafome][0]] ...]).
[2016-03-23 12:07:24,050][INFO ][rest.suppressed          ] /matafome Params: {index=matafome}
[matafome] IndexAlreadyExistsException[already exists]
	at org.elasticsearch.cluster.metadata.MetaDataCreateIndexService.validateIndexName(MetaDataCreateIndexService.java:138)
	at org.elasticsearch.cluster.metadata.MetaDataCreateIndexService.validate(MetaDataCreateIndexService.java:473)
	at org.elasticsearch.cluster.metadata.MetaDataCreateIndexService.access$100(MetaDataCreateIndexService.java:97)
	at org.elasticsearch.cluster.metadata.MetaDataCreateIndexService$1.execute(MetaDataCreateIndexService.java:192)
	at org.elasticsearch.cluster.ClusterStateUpdateTask.execute(ClusterStateUpdateTask.java:45)
	at org.elasticsearch.cluster.service.InternalClusterService.runTasksForExecutor(InternalClusterService.java:458)
	at org.elasticsearch.cluster.service.InternalClusterService$UpdateTask.run(InternalClusterService.java:762)
	at org.elasticsearch.common.util.concurrent.PrioritizedEsThreadPoolExecutor$TieBreakingPrioritizedRunnable.runAndClean(PrioritizedEsThreadPoolExecutor.java:231)
	at org.elasticsearch.common.util.concurrent.PrioritizedEsThreadPoolExecutor$TieBreakingPrioritizedRunnable.run(PrioritizedEsThreadPoolExecutor.java:194)
	at java.util.concurrent.ThreadPoolExecutor.runWorker(ThreadPoolExecutor.java:1145)
	at java.util.concurrent.ThreadPoolExecutor$Worker.run(ThreadPoolExecutor.java:615)
	at java.lang.Thread.run(Thread.java:745)
[2016-03-23 12:07:24,166][INFO ][rest.suppressed          ] /matafome Params: {index=matafome}
[matafome] IndexAlreadyExistsException[already exists]
	at org.elasticsearch.cluster.metadata.MetaDataCreateIndexService.validateIndexName(MetaDataCreateIndexService.java:138)
	at org.elasticsearch.cluster.metadata.MetaDataCreateIndexService.validate(MetaDataCreateIndexService.java:473)
	at org.elasticsearch.cluster.metadata.MetaDataCreateIndexService.access$100(MetaDataCreateIndexService.java:97)
	at org.elasticsearch.cluster.metadata.MetaDataCreateIndexService$1.execute(MetaDataCreateIndexService.java:192)
	at org.elasticsearch.cluster.ClusterStateUpdateTask.execute(ClusterStateUpdateTask.java:45)
	at org.elasticsearch.cluster.service.InternalClusterService.runTasksForExecutor(InternalClusterService.java:458)
	at org.elasticsearch.cluster.service.InternalClusterService$UpdateTask.run(InternalClusterService.java:762)
	at org.elasticsearch.common.util.concurrent.PrioritizedEsThreadPoolExecutor$TieBreakingPrioritizedRunnable.runAndClean(PrioritizedEsThreadPoolExecutor.java:231)
	at org.elasticsearch.common.util.concurrent.PrioritizedEsThreadPoolExecutor$TieBreakingPrioritizedRunnable.run(PrioritizedEsThreadPoolExecutor.java:194)
	at java.util.concurrent.ThreadPoolExecutor.runWorker(ThreadPoolExecutor.java:1145)
	at java.util.concurrent.ThreadPoolExecutor$Worker.run(ThreadPoolExecutor.java:615)
	at java.lang.Thread.run(Thread.java:745)
[2016-03-23 12:12:20,349][INFO ][rest.suppressed          ] /matafome Params: {index=matafome}
[matafome] IndexAlreadyExistsException[already exists]
	at org.elasticsearch.cluster.metadata.MetaDataCreateIndexService.validateIndexName(MetaDataCreateIndexService.java:138)
	at org.elasticsearch.cluster.metadata.MetaDataCreateIndexService.validate(MetaDataCreateIndexService.java:473)
	at org.elasticsearch.cluster.metadata.MetaDataCreateIndexService.access$100(MetaDataCreateIndexService.java:97)
	at org.elasticsearch.cluster.metadata.MetaDataCreateIndexService$1.execute(MetaDataCreateIndexService.java:192)
	at org.elasticsearch.cluster.ClusterStateUpdateTask.execute(ClusterStateUpdateTask.java:45)
	at org.elasticsearch.cluster.service.InternalClusterService.runTasksForExecutor(InternalClusterService.java:458)
	at org.elasticsearch.cluster.service.InternalClusterService$UpdateTask.run(InternalClusterService.java:762)
	at org.elasticsearch.common.util.concurrent.PrioritizedEsThreadPoolExecutor$TieBreakingPrioritizedRunnable.runAndClean(PrioritizedEsThreadPoolExecutor.java:231)
	at org.elasticsearch.common.util.concurrent.PrioritizedEsThreadPoolExecutor$TieBreakingPrioritizedRunnable.run(PrioritizedEsThreadPoolExecutor.java:194)
	at java.util.concurrent.ThreadPoolExecutor.runWorker(ThreadPoolExecutor.java:1145)
	at java.util.concurrent.ThreadPoolExecutor$Worker.run(ThreadPoolExecutor.java:615)
	at java.lang.Thread.run(Thread.java:745)
[2016-03-23 12:12:20,461][INFO ][rest.suppressed          ] /matafome Params: {index=matafome}
[matafome] IndexAlreadyExistsException[already exists]
	at org.elasticsearch.cluster.metadata.MetaDataCreateIndexService.validateIndexName(MetaDataCreateIndexService.java:138)
	at org.elasticsearch.cluster.metadata.MetaDataCreateIndexService.validate(MetaDataCreateIndexService.java:473)
	at org.elasticsearch.cluster.metadata.MetaDataCreateIndexService.access$100(MetaDataCreateIndexService.java:97)
	at org.elasticsearch.cluster.metadata.MetaDataCreateIndexService$1.execute(MetaDataCreateIndexService.java:192)
	at org.elasticsearch.cluster.ClusterStateUpdateTask.execute(ClusterStateUpdateTask.java:45)
	at org.elasticsearch.cluster.service.InternalClusterService.runTasksForExecutor(InternalClusterService.java:458)
	at org.elasticsearch.cluster.service.InternalClusterService$UpdateTask.run(InternalClusterService.java:762)
	at org.elasticsearch.common.util.concurrent.PrioritizedEsThreadPoolExecutor$TieBreakingPrioritizedRunnable.runAndClean(PrioritizedEsThreadPoolExecutor.java:231)
	at org.elasticsearch.common.util.concurrent.PrioritizedEsThreadPoolExecutor$TieBreakingPrioritizedRunnable.run(PrioritizedEsThreadPoolExecutor.java:194)
	at java.util.concurrent.ThreadPoolExecutor.runWorker(ThreadPoolExecutor.java:1145)
	at java.util.concurrent.ThreadPoolExecutor$Worker.run(ThreadPoolExecutor.java:615)
	at java.lang.Thread.run(Thread.java:745)
